[2018-09-13 19:19:16] local.ERROR: Please provide a valid cache path. {"exception":"[object] (InvalidArgumentException(code: 0): Please provide a valid cache path. at /var/www/html/dvizh/vendor/laravel/framework/src/Illuminate/View/Compilers/Compiler.php:36)
[stacktrace]
#0 /var/www/html/dvizh/vendor/laravel/framework/src/Illuminate/View/ViewServiceProvider.php(141): Illuminate\\View\\Compilers\\Compiler->__construct(Object(Illuminate\\Filesystem\\Filesystem), false)
#1 /var/www/html/dvizh/vendor/laravel/framework/src/Illuminate/Container/Container.php(749): Illuminate\\View\\ViewServiceProvider->Illuminate\\View\\{closure}(Object(Illuminate\\Foundation\\Application), Array)
#2 /var/www/html/dvizh/vendor/laravel/framework/src/Illuminate/Container/Container.php(631): Illuminate\\Container\\Container->build(Object(Closure))
#3 /var/www/html/dvizh/vendor/laravel/framework/src/Illuminate/Container/Container.php(586): Illuminate\\Container\\Container->resolve('blade.compiler', Array)
#4 /var/www/html/dvizh/vendor/laravel/framework/src/Illuminate/Foundation/Application.php(732): Illuminate\\Container\\Container->make('blade.compiler', Array)
#5 /var/www/html/dvizh/vendor/laravel/framework/src/Illuminate/Container/Container.php(1195): Illuminate\\Foundation\\Application->make('blade.compiler')
#6 /var/www/html/dvizh/vendor/laravel/framework/src/Illuminate/View/ViewServiceProvider.php(146): Illuminate\\Container\\Container->offsetGet('blade.compiler')
#7 [internal function]: Illuminate\\View\\ViewServiceProvider->Illuminate\\View\\{closure}()
#8 /var/www/html/dvizh/vendor/laravel/framework/src/Illuminate/View/Engines/EngineResolver.php(54): call_user_func(Object(Closure))
#9 /var/www/html/dvizh/vendor/laravel/framework/src/Illuminate/Support/Facades/Blade.php(17): Illuminate\\View\\Engines\\EngineResolver->resolve('blade')
#10 /var/www/html/dvizh/vendor/laravel/framework/src/Illuminate/Support/Facades/Facade.php(128): Illuminate\\Support\\Facades\\Blade::getFacadeAccessor()
#11 /var/www/html/dvizh/vendor/laravel/framework/src/Illuminate/Support/Facades/Facade.php(215): Illuminate\\Support\\Facades\\Facade::getFacadeRoot()
#12 /var/www/html/dvizh/vendor/arrilot/laravel-widgets/src/ServiceProvider.php(72): Illuminate\\Support\\Facades\\Facade::__callStatic('directive', Array)
#13 [internal function]: Arrilot\\Widgets\\ServiceProvider->boot()
#14 /var/www/html/dvizh/vendor/laravel/framework/src/Illuminate/Container/BoundMethod.php(29): call_user_func_array(Array, Array)
#15 /var/www/html/dvizh/vendor/laravel/framework/src/Illuminate/Container/BoundMethod.php(87): Illuminate\\Container\\BoundMethod::Illuminate\\Container\\{closure}()
#16 /var/www/html/dvizh/vendor/laravel/framework/src/Illuminate/Container/BoundMethod.php(31): Illuminate\\Container\\BoundMethod::callBoundMethod(Object(Illuminate\\Foundation\\Application), Array, Object(Closure))
#17 /var/www/html/dvizh/vendor/laravel/framework/src/Illuminate/Container/Container.php(549): Illuminate\\Container\\BoundMethod::call(Object(Illuminate\\Foundation\\Application), Array, Array, NULL)
#18 /var/www/html/dvizh/vendor/laravel/framework/src/Illuminate/Foundation/Application.php(792): Illuminate\\Container\\Container->call(Array)
#19 /var/www/html/dvizh/vendor/laravel/framework/src/Illuminate/Foundation/Application.php(775): Illuminate\\Foundation\\Application->bootProvider(Object(Arrilot\\Widgets\\ServiceProvider))
#20 [internal function]: Illuminate\\Foundation\\Application->Illuminate\\Foundation\\{closure}(Object(Arrilot\\Widgets\\ServiceProvider), 14)
#21 /var/www/html/dvizh/vendor/laravel/framework/src/Illuminate/Foundation/Application.php(776): array_walk(Array, Object(Closure))
#22 /var/www/html/dvizh/vendor/laravel/framework/src/Illuminate/Foundation/Bootstrap/BootProviders.php(17): Illuminate\\Foundation\\Application->boot()
#23 /var/www/html/dvizh/vendor/laravel/framework/src/Illuminate/Foundation/Application.php(213): Illuminate\\Foundation\\Bootstrap\\BootProviders->bootstrap(Object(Illuminate\\Foundation\\Application))
#24 /var/www/html/dvizh/vendor/laravel/framework/src/Illuminate/Foundation/Console/Kernel.php(296): Illuminate\\Foundation\\Application->bootstrapWith(Array)
#25 /var/www/html/dvizh/vendor/laravel/framework/src/Illuminate/Foundation/Console/Kernel.php(119): Illuminate\\Foundation\\Console\\Kernel->bootstrap()
#26 /var/www/html/dvizh/artisan(37): Illuminate\\Foundation\\Console\\Kernel->handle(Object(Symfony\\Component\\Console\\Input\\ArgvInput), Object(Symfony\\Component\\Console\\Output\\ConsoleOutput))
#27 {main}
"} 
[2018-09-13 19:19:19] local.ERROR: Please provide a valid cache path. {"exception":"[object] (InvalidArgumentException(code: 0): Please provide a valid cache path. at /var/www/html/dvizh/vendor/laravel/framework/src/Illuminate/View/Compilers/Compiler.php:36)
[stacktrace]
#0 /var/www/html/dvizh/vendor/laravel/framework/src/Illuminate/View/ViewServiceProvider.php(141): Illuminate\\View\\Compilers\\Compiler->__construct(Object(Illuminate\\Filesystem\\Filesystem), false)
#1 /var/www/html/dvizh/vendor/laravel/framework/src/Illuminate/Container/Container.php(749): Illuminate\\View\\ViewServiceProvider->Illuminate\\View\\{closure}(Object(Illuminate\\Foundation\\Application), Array)
#2 /var/www/html/dvizh/vendor/laravel/framework/src/Illuminate/Container/Container.php(631): Illuminate\\Container\\Container->build(Object(Closure))
#3 /var/www/html/dvizh/vendor/laravel/framework/src/Illuminate/Container/Container.php(586): Illuminate\\Container\\Container->resolve('blade.compiler', Array)
#4 /var/www/html/dvizh/vendor/laravel/framework/src/Illuminate/Foundation/Application.php(732): Illuminate\\Container\\Container->make('blade.compiler', Array)
#5 /var/www/html/dvizh/vendor/laravel/framework/src/Illuminate/Container/Container.php(1195): Illuminate\\Foundation\\Application->make('blade.compiler')
#6 /var/www/html/dvizh/vendor/laravel/framework/src/Illuminate/View/ViewServiceProvider.php(146): Illuminate\\Container\\Container->offsetGet('blade.compiler')
#7 [internal function]: Illuminate\\View\\ViewServiceProvider->Illuminate\\View\\{closure}()
#8 /var/www/html/dvizh/vendor/laravel/framework/src/Illuminate/View/Engines/EngineResolver.php(54): call_user_func(Object(Closure))
#9 /var/www/html/dvizh/vendor/laravel/framework/src/Illuminate/Support/Facades/Blade.php(17): Illuminate\\View\\Engines\\EngineResolver->resolve('blade')
#10 /var/www/html/dvizh/vendor/laravel/framework/src/Illuminate/Support/Facades/Facade.php(128): Illuminate\\Support\\Facades\\Blade::getFacadeAccessor()
#11 /var/www/html/dvizh/vendor/laravel/framework/src/Illuminate/Support/Facades/Facade.php(215): Illuminate\\Support\\Facades\\Facade::getFacadeRoot()
#12 /var/www/html/dvizh/vendor/arrilot/laravel-widgets/src/ServiceProvider.php(72): Illuminate\\Support\\Facades\\Facade::__callStatic('directive', Array)
#13 [internal function]: Arrilot\\Widgets\\ServiceProvider->boot()
#14 /var/www/html/dvizh/vendor/laravel/framework/src/Illuminate/Container/BoundMethod.php(29): call_user_func_array(Array, Array)
#15 /var/www/html/dvizh/vendor/laravel/framework/src/Illuminate/Container/BoundMethod.php(87): Illuminate\\Container\\BoundMethod::Illuminate\\Container\\{closure}()
#16 /var/www/html/dvizh/vendor/laravel/framework/src/Illuminate/Container/BoundMethod.php(31): Illuminate\\Container\\BoundMethod::callBoundMethod(Object(Illuminate\\Foundation\\Application), Array, Object(Closure))
#17 /var/www/html/dvizh/vendor/laravel/framework/src/Illuminate/Container/Container.php(549): Illuminate\\Container\\BoundMethod::call(Object(Illuminate\\Foundation\\Application), Array, Array, NULL)
#18 /var/www/html/dvizh/vendor/laravel/framework/src/Illuminate/Foundation/Application.php(792): Illuminate\\Container\\Container->call(Array)
#19 /var/www/html/dvizh/vendor/laravel/framework/src/Illuminate/Foundation/Application.php(775): Illuminate\\Foundation\\Application->bootProvider(Object(Arrilot\\Widgets\\ServiceProvider))
#20 [internal function]: Illuminate\\Foundation\\Application->Illuminate\\Foundation\\{closure}(Object(Arrilot\\Widgets\\ServiceProvider), 14)
#21 /var/www/html/dvizh/vendor/laravel/framework/src/Illuminate/Foundation/Application.php(776): array_walk(Array, Object(Closure))
#22 /var/www/html/dvizh/vendor/laravel/framework/src/Illuminate/Foundation/Bootstrap/BootProviders.php(17): Illuminate\\Foundation\\Application->boot()
#23 /var/www/html/dvizh/vendor/laravel/framework/src/Illuminate/Foundation/Application.php(213): Illuminate\\Foundation\\Bootstrap\\BootProviders->bootstrap(Object(Illuminate\\Foundation\\Application))
#24 /var/www/html/dvizh/vendor/laravel/framework/src/Illuminate/Foundation/Console/Kernel.php(296): Illuminate\\Foundation\\Application->bootstrapWith(Array)
#25 /var/www/html/dvizh/vendor/laravel/framework/src/Illuminate/Foundation/Console/Kernel.php(119): Illuminate\\Foundation\\Console\\Kernel->bootstrap()
#26 /var/www/html/dvizh/artisan(37): Illuminate\\Foundation\\Console\\Kernel->handle(Object(Symfony\\Component\\Console\\Input\\ArgvInput), Object(Symfony\\Component\\Console\\Output\\ConsoleOutput))
#27 {main}
"} 
[2018-09-13 19:21:09] local.ERROR: Please provide a valid cache path. {"exception":"[object] (InvalidArgumentException(code: 0): Please provide a valid cache path. at /var/www/html/dvizh/vendor/laravel/framework/src/Illuminate/View/Compilers/Compiler.php:36)
[stacktrace]
#0 /var/www/html/dvizh/vendor/laravel/framework/src/Illuminate/View/ViewServiceProvider.php(141): Illuminate\\View\\Compilers\\Compiler->__construct(Object(Illuminate\\Filesystem\\Filesystem), false)
#1 /var/www/html/dvizh/vendor/laravel/framework/src/Illuminate/Container/Container.php(749): Illuminate\\View\\ViewServiceProvider->Illuminate\\View\\{closure}(Object(Illuminate\\Foundation\\Application), Array)
#2 /var/www/html/dvizh/vendor/laravel/framework/src/Illuminate/Container/Container.php(631): Illuminate\\Container\\Container->build(Object(Closure))
#3 /var/www/html/dvizh/vendor/laravel/framework/src/Illuminate/Container/Container.php(586): Illuminate\\Container\\Container->resolve('blade.compiler', Array)
#4 /var/www/html/dvizh/vendor/laravel/framework/src/Illuminate/Foundation/Application.php(732): Illuminate\\Container\\Container->make('blade.compiler', Array)
#5 /var/www/html/dvizh/vendor/laravel/framework/src/Illuminate/Container/Container.php(1195): Illuminate\\Foundation\\Application->make('blade.compiler')
#6 /var/www/html/dvizh/vendor/laravel/framework/src/Illuminate/View/ViewServiceProvider.php(146): Illuminate\\Container\\Container->offsetGet('blade.compiler')
#7 [internal function]: Illuminate\\View\\ViewServiceProvider->Illuminate\\View\\{closure}()
#8 /var/www/html/dvizh/vendor/laravel/framework/src/Illuminate/View/Engines/EngineResolver.php(54): call_user_func(Object(Closure))
#9 /var/www/html/dvizh/vendor/laravel/framework/src/Illuminate/Support/Facades/Blade.php(17): Illuminate\\View\\Engines\\EngineResolver->resolve('blade')
#10 /var/www/html/dvizh/vendor/laravel/framework/src/Illuminate/Support/Facades/Facade.php(128): Illuminate\\Support\\Facades\\Blade::getFacadeAccessor()
#11 /var/www/html/dvizh/vendor/laravel/framework/src/Illuminate/Support/Facades/Facade.php(215): Illuminate\\Support\\Facades\\Facade::getFacadeRoot()
#12 /var/www/html/dvizh/vendor/arrilot/laravel-widgets/src/ServiceProvider.php(72): Illuminate\\Support\\Facades\\Facade::__callStatic('directive', Array)
#13 [internal function]: Arrilot\\Widgets\\ServiceProvider->boot()
#14 /var/www/html/dvizh/vendor/laravel/framework/src/Illuminate/Container/BoundMethod.php(29): call_user_func_array(Array, Array)
#15 /var/www/html/dvizh/vendor/laravel/framework/src/Illuminate/Container/BoundMethod.php(87): Illuminate\\Container\\BoundMethod::Illuminate\\Container\\{closure}()
#16 /var/www/html/dvizh/vendor/laravel/framework/src/Illuminate/Container/BoundMethod.php(31): Illuminate\\Container\\BoundMethod::callBoundMethod(Object(Illuminate\\Foundation\\Application), Array, Object(Closure))
#17 /var/www/html/dvizh/vendor/laravel/framework/src/Illuminate/Container/Container.php(549): Illuminate\\Container\\BoundMethod::call(Object(Illuminate\\Foundation\\Application), Array, Array, NULL)
#18 /var/www/html/dvizh/vendor/laravel/framework/src/Illuminate/Foundation/Application.php(792): Illuminate\\Container\\Container->call(Array)
#19 /var/www/html/dvizh/vendor/laravel/framework/src/Illuminate/Foundation/Application.php(775): Illuminate\\Foundation\\Application->bootProvider(Object(Arrilot\\Widgets\\ServiceProvider))
#20 [internal function]: Illuminate\\Foundation\\Application->Illuminate\\Foundation\\{closure}(Object(Arrilot\\Widgets\\ServiceProvider), 14)
#21 /var/www/html/dvizh/vendor/laravel/framework/src/Illuminate/Foundation/Application.php(776): array_walk(Array, Object(Closure))
#22 /var/www/html/dvizh/vendor/laravel/framework/src/Illuminate/Foundation/Bootstrap/BootProviders.php(17): Illuminate\\Foundation\\Application->boot()
#23 /var/www/html/dvizh/vendor/laravel/framework/src/Illuminate/Foundation/Application.php(213): Illuminate\\Foundation\\Bootstrap\\BootProviders->bootstrap(Object(Illuminate\\Foundation\\Application))
#24 /var/www/html/dvizh/vendor/laravel/framework/src/Illuminate/Foundation/Http/Kernel.php(162): Illuminate\\Foundation\\Application->bootstrapWith(Array)
#25 /var/www/html/dvizh/vendor/laravel/framework/src/Illuminate/Foundation/Http/Kernel.php(146): Illuminate\\Foundation\\Http\\Kernel->bootstrap()
#26 /var/www/html/dvizh/vendor/laravel/framework/src/Illuminate/Foundation/Http/Kernel.php(116): Illuminate\\Foundation\\Http\\Kernel->sendRequestThroughRouter(Object(Illuminate\\Http\\Request))
#27 /var/www/html/dvizh/public/index.php(55): Illuminate\\Foundation\\Http\\Kernel->handle(Object(Illuminate\\Http\\Request))
#28 {main}
"} 
[2018-09-13 19:22:49] local.ERROR: Please provide a valid cache path. {"exception":"[object] (InvalidArgumentException(code: 0): Please provide a valid cache path. at /var/www/html/dvizh/vendor/laravel/framework/src/Illuminate/View/Compilers/Compiler.php:36)
[stacktrace]
#0 /var/www/html/dvizh/vendor/laravel/framework/src/Illuminate/View/ViewServiceProvider.php(141): Illuminate\\View\\Compilers\\Compiler->__construct(Object(Illuminate\\Filesystem\\Filesystem), false)
#1 /var/www/html/dvizh/vendor/laravel/framework/src/Illuminate/Container/Container.php(749): Illuminate\\View\\ViewServiceProvider->Illuminate\\View\\{closure}(Object(Illuminate\\Foundation\\Application), Array)
#2 /var/www/html/dvizh/vendor/laravel/framework/src/Illuminate/Container/Container.php(631): Illuminate\\Container\\Container->build(Object(Closure))
#3 /var/www/html/dvizh/vendor/laravel/framework/src/Illuminate/Container/Container.php(586): Illuminate\\Container\\Container->resolve('blade.compiler', Array)
#4 /var/www/html/dvizh/vendor/laravel/framework/src/Illuminate/Foundation/Application.php(732): Illuminate\\Container\\Container->make('blade.compiler', Array)
#5 /var/www/html/dvizh/vendor/laravel/framework/src/Illuminate/Container/Container.php(1195): Illuminate\\Foundation\\Application->make('blade.compiler')
#6 /var/www/html/dvizh/vendor/laravel/framework/src/Illuminate/View/ViewServiceProvider.php(146): Illuminate\\Container\\Container->offsetGet('blade.compiler')
#7 [internal function]: Illuminate\\View\\ViewServiceProvider->Illuminate\\View\\{closure}()
#8 /var/www/html/dvizh/vendor/laravel/framework/src/Illuminate/View/Engines/EngineResolver.php(54): call_user_func(Object(Closure))
#9 /var/www/html/dvizh/vendor/laravel/framework/src/Illuminate/Support/Facades/Blade.php(17): Illuminate\\View\\Engines\\EngineResolver->resolve('blade')
#10 /var/www/html/dvizh/vendor/laravel/framework/src/Illuminate/Support/Facades/Facade.php(128): Illuminate\\Support\\Facades\\Blade::getFacadeAccessor()
#11 /var/www/html/dvizh/vendor/laravel/framework/src/Illuminate/Support/Facades/Facade.php(215): Illuminate\\Support\\Facades\\Facade::getFacadeRoot()
#12 /var/www/html/dvizh/vendor/arrilot/laravel-widgets/src/ServiceProvider.php(72): Illuminate\\Support\\Facades\\Facade::__callStatic('directive', Array)
#13 [internal function]: Arrilot\\Widgets\\ServiceProvider->boot()
#14 /var/www/html/dvizh/vendor/laravel/framework/src/Illuminate/Container/BoundMethod.php(29): call_user_func_array(Array, Array)
#15 /var/www/html/dvizh/vendor/laravel/framework/src/Illuminate/Container/BoundMethod.php(87): Illuminate\\Container\\BoundMethod::Illuminate\\Container\\{closure}()
#16 /var/www/html/dvizh/vendor/laravel/framework/src/Illuminate/Container/BoundMethod.php(31): Illuminate\\Container\\BoundMethod::callBoundMethod(Object(Illuminate\\Foundation\\Application), Array, Object(Closure))
#17 /var/www/html/dvizh/vendor/laravel/framework/src/Illuminate/Container/Container.php(549): Illuminate\\Container\\BoundMethod::call(Object(Illuminate\\Foundation\\Application), Array, Array, NULL)
#18 /var/www/html/dvizh/vendor/laravel/framework/src/Illuminate/Foundation/Application.php(792): Illuminate\\Container\\Container->call(Array)
#19 /var/www/html/dvizh/vendor/laravel/framework/src/Illuminate/Foundation/Application.php(775): Illuminate\\Foundation\\Application->bootProvider(Object(Arrilot\\Widgets\\ServiceProvider))
#20 [internal function]: Illuminate\\Foundation\\Application->Illuminate\\Foundation\\{closure}(Object(Arrilot\\Widgets\\ServiceProvider), 14)
#21 /var/www/html/dvizh/vendor/laravel/framework/src/Illuminate/Foundation/Application.php(776): array_walk(Array, Object(Closure))
#22 /var/www/html/dvizh/vendor/laravel/framework/src/Illuminate/Foundation/Bootstrap/BootProviders.php(17): Illuminate\\Foundation\\Application->boot()
#23 /var/www/html/dvizh/vendor/laravel/framework/src/Illuminate/Foundation/Application.php(213): Illuminate\\Foundation\\Bootstrap\\BootProviders->bootstrap(Object(Illuminate\\Foundation\\Application))
#24 /var/www/html/dvizh/vendor/laravel/framework/src/Illuminate/Foundation/Http/Kernel.php(162): Illuminate\\Foundation\\Application->bootstrapWith(Array)
#25 /var/www/html/dvizh/vendor/laravel/framework/src/Illuminate/Foundation/Http/Kernel.php(146): Illuminate\\Foundation\\Http\\Kernel->bootstrap()
#26 /var/www/html/dvizh/vendor/laravel/framework/src/Illuminate/Foundation/Http/Kernel.php(116): Illuminate\\Foundation\\Http\\Kernel->sendRequestThroughRouter(Object(Illuminate\\Http\\Request))
#27 /var/www/html/dvizh/public/index.php(55): Illuminate\\Foundation\\Http\\Kernel->handle(Object(Illuminate\\Http\\Request))
#28 {main}
"} 
[2018-09-13 19:23:36] local.ERROR: No application encryption key has been specified. {"exception":"[object] (RuntimeException(code: 0): No application encryption key has been specified. at /var/www/html/dvizh/vendor/laravel/framework/src/Illuminate/Encryption/EncryptionServiceProvider.php:42)
[stacktrace]
#0 /var/www/html/dvizh/vendor/laravel/framework/src/Illuminate/Support/helpers.php(1038): Illuminate\\Encryption\\EncryptionServiceProvider->Illuminate\\Encryption\\{closure}('')
#1 /var/www/html/dvizh/vendor/laravel/framework/src/Illuminate/Encryption/EncryptionServiceProvider.php(46): tap('', Object(Closure))
#2 /var/www/html/dvizh/vendor/laravel/framework/src/Illuminate/Encryption/EncryptionServiceProvider.php(24): Illuminate\\Encryption\\EncryptionServiceProvider->key(Array)
#3 /var/www/html/dvizh/vendor/laravel/framework/src/Illuminate/Container/Container.php(749): Illuminate\\Encryption\\EncryptionServiceProvider->Illuminate\\Encryption\\{closure}(Object(Illuminate\\Foundation\\Application), Array)
#4 /var/www/html/dvizh/vendor/laravel/framework/src/Illuminate/Container/Container.php(631): Illuminate\\Container\\Container->build(Object(Closure))
#5 /var/www/html/dvizh/vendor/laravel/framework/src/Illuminate/Container/Container.php(586): Illuminate\\Container\\Container->resolve('encrypter', Array)
#6 /var/www/html/dvizh/vendor/laravel/framework/src/Illuminate/Foundation/Application.php(732): Illuminate\\Container\\Container->make('encrypter', Array)
#7 /var/www/html/dvizh/vendor/laravel/framework/src/Illuminate/Container/Container.php(885): Illuminate\\Foundation\\Application->make('encrypter')
#8 /var/www/html/dvizh/vendor/laravel/framework/src/Illuminate/Container/Container.php(813): Illuminate\\Container\\Container->resolveClass(Object(ReflectionParameter))
#9 /var/www/html/dvizh/vendor/laravel/framework/src/Illuminate/Container/Container.php(780): Illuminate\\Container\\Container->resolveDependencies(Array)
#10 /var/www/html/dvizh/vendor/laravel/framework/src/Illuminate/Container/Container.php(631): Illuminate\\Container\\Container->build('App\\\\Http\\\\Middle...')
#11 /var/www/html/dvizh/vendor/laravel/framework/src/Illuminate/Container/Container.php(586): Illuminate\\Container\\Container->resolve('App\\\\Http\\\\Middle...', Array)
#12 /var/www/html/dvizh/vendor/laravel/framework/src/Illuminate/Foundation/Application.php(732): Illuminate\\Container\\Container->make('App\\\\Http\\\\Middle...', Array)
#13 /var/www/html/dvizh/vendor/laravel/framework/src/Illuminate/Pipeline/Pipeline.php(138): Illuminate\\Foundation\\Application->make('App\\\\Http\\\\Middle...')
#14 /var/www/html/dvizh/vendor/laravel/framework/src/Illuminate/Routing/Pipeline.php(53): Illuminate\\Pipeline\\Pipeline->Illuminate\\Pipeline\\{closure}(Object(Illuminate\\Http\\Request))
#15 /var/www/html/dvizh/vendor/laravel/framework/src/Illuminate/Pipeline/Pipeline.php(102): Illuminate\\Routing\\Pipeline->Illuminate\\Routing\\{closure}(Object(Illuminate\\Http\\Request))
#16 /var/www/html/dvizh/vendor/laravel/framework/src/Illuminate/Routing/Router.php(660): Illuminate\\Pipeline\\Pipeline->then(Object(Closure))
#17 /var/www/html/dvizh/vendor/laravel/framework/src/Illuminate/Routing/Router.php(635): Illuminate\\Routing\\Router->runRouteWithinStack(Object(Illuminate\\Routing\\Route), Object(Illuminate\\Http\\Request))
#18 /var/www/html/dvizh/vendor/laravel/framework/src/Illuminate/Routing/Router.php(601): Illuminate\\Routing\\Router->runRoute(Object(Illuminate\\Http\\Request), Object(Illuminate\\Routing\\Route))
#19 /var/www/html/dvizh/vendor/laravel/framework/src/Illuminate/Routing/Router.php(590): Illuminate\\Routing\\Router->dispatchToRoute(Object(Illuminate\\Http\\Request))
#20 /var/www/html/dvizh/vendor/laravel/framework/src/Illuminate/Foundation/Http/Kernel.php(176): Illuminate\\Routing\\Router->dispatch(Object(Illuminate\\Http\\Request))
#21 /var/www/html/dvizh/vendor/laravel/framework/src/Illuminate/Routing/Pipeline.php(30): Illuminate\\Foundation\\Http\\Kernel->Illuminate\\Foundation\\Http\\{closure}(Object(Illuminate\\Http\\Request))
#22 /var/www/html/dvizh/vendor/fideloper/proxy/src/TrustProxies.php(56): Illuminate\\Routing\\Pipeline->Illuminate\\Routing\\{closure}(Object(Illuminate\\Http\\Request))
#23 /var/www/html/dvizh/vendor/laravel/framework/src/Illuminate/Pipeline/Pipeline.php(149): Fideloper\\Proxy\\TrustProxies->handle(Object(Illuminate\\Http\\Request), Object(Closure))
#24 /var/www/html/dvizh/vendor/laravel/framework/src/Illuminate/Routing/Pipeline.php(53): Illuminate\\Pipeline\\Pipeline->Illuminate\\Pipeline\\{closure}(Object(Illuminate\\Http\\Request))
#25 /var/www/html/dvizh/vendor/laravel/framework/src/Illuminate/Foundation/Http/Middleware/TransformsRequest.php(30): Illuminate\\Routing\\Pipeline->Illuminate\\Routing\\{closure}(Object(Illuminate\\Http\\Request))
#26 /var/www/html/dvizh/vendor/laravel/framework/src/Illuminate/Pipeline/Pipeline.php(149): Illuminate\\Foundation\\Http\\Middleware\\TransformsRequest->handle(Object(Illuminate\\Http\\Request), Object(Closure))
#27 /var/www/html/dvizh/vendor/laravel/framework/src/Illuminate/Routing/Pipeline.php(53): Illuminate\\Pipeline\\Pipeline->Illuminate\\Pipeline\\{closure}(Object(Illuminate\\Http\\Request))
#28 /var/www/html/dvizh/vendor/laravel/framework/src/Illuminate/Foundation/Http/Middleware/TransformsRequest.php(30): Illuminate\\Routing\\Pipeline->Illuminate\\Routing\\{closure}(Object(Illuminate\\Http\\Request))
#29 /var/www/html/dvizh/vendor/laravel/framework/src/Illuminate/Pipeline/Pipeline.php(149): Illuminate\\Foundation\\Http\\Middleware\\TransformsRequest->handle(Object(Illuminate\\Http\\Request), Object(Closure))
#30 /var/www/html/dvizh/vendor/laravel/framework/src/Illuminate/Routing/Pipeline.php(53): Illuminate\\Pipeline\\Pipeline->Illuminate\\Pipeline\\{closure}(Object(Illuminate\\Http\\Request))
#31 /var/www/html/dvizh/vendor/laravel/framework/src/Illuminate/Foundation/Http/Middleware/ValidatePostSize.php(27): Illuminate\\Routing\\Pipeline->Illuminate\\Routing\\{closure}(Object(Illuminate\\Http\\Request))
#32 /var/www/html/dvizh/vendor/laravel/framework/src/Illuminate/Pipeline/Pipeline.php(149): Illuminate\\Foundation\\Http\\Middleware\\ValidatePostSize->handle(Object(Illuminate\\Http\\Request), Object(Closure))
#33 /var/www/html/dvizh/vendor/laravel/framework/src/Illuminate/Routing/Pipeline.php(53): Illuminate\\Pipeline\\Pipeline->Illuminate\\Pipeline\\{closure}(Object(Illuminate\\Http\\Request))
#34 /var/www/html/dvizh/vendor/laravel/framework/src/Illuminate/Foundation/Http/Middleware/CheckForMaintenanceMode.php(46): Illuminate\\Routing\\Pipeline->Illuminate\\Routing\\{closure}(Object(Illuminate\\Http\\Request))
#35 /var/www/html/dvizh/vendor/laravel/framework/src/Illuminate/Pipeline/Pipeline.php(149): Illuminate\\Foundation\\Http\\Middleware\\CheckForMaintenanceMode->handle(Object(Illuminate\\Http\\Request), Object(Closure))
#36 /var/www/html/dvizh/vendor/laravel/framework/src/Illuminate/Routing/Pipeline.php(53): Illuminate\\Pipeline\\Pipeline->Illuminate\\Pipeline\\{closure}(Object(Illuminate\\Http\\Request))
#37 /var/www/html/dvizh/vendor/laravel/framework/src/Illuminate/Pipeline/Pipeline.php(102): Illuminate\\Routing\\Pipeline->Illuminate\\Routing\\{closure}(Object(Illuminate\\Http\\Request))
#38 /var/www/html/dvizh/vendor/laravel/framework/src/Illuminate/Foundation/Http/Kernel.php(151): Illuminate\\Pipeline\\Pipeline->then(Object(Closure))
#39 /var/www/html/dvizh/vendor/laravel/framework/src/Illuminate/Foundation/Http/Kernel.php(116): Illuminate\\Foundation\\Http\\Kernel->sendRequestThroughRouter(Object(Illuminate\\Http\\Request))
#40 /var/www/html/dvizh/public/index.php(55): Illuminate\\Foundation\\Http\\Kernel->handle(Object(Illuminate\\Http\\Request))
#41 {main}
"} 
[2018-09-13 19:23:40] local.ERROR: No application encryption key has been specified. {"exception":"[object] (RuntimeException(code: 0): No application encryption key has been specified. at /var/www/html/dvizh/vendor/laravel/framework/src/Illuminate/Encryption/EncryptionServiceProvider.php:42)
[stacktrace]
#0 /var/www/html/dvizh/vendor/laravel/framework/src/Illuminate/Support/helpers.php(1038): Illuminate\\Encryption\\EncryptionServiceProvider->Illuminate\\Encryption\\{closure}('')
#1 /var/www/html/dvizh/vendor/laravel/framework/src/Illuminate/Encryption/EncryptionServiceProvider.php(46): tap('', Object(Closure))
#2 /var/www/html/dvizh/vendor/laravel/framework/src/Illuminate/Encryption/EncryptionServiceProvider.php(24): Illuminate\\Encryption\\EncryptionServiceProvider->key(Array)
#3 /var/www/html/dvizh/vendor/laravel/framework/src/Illuminate/Container/Container.php(749): Illuminate\\Encryption\\EncryptionServiceProvider->Illuminate\\Encryption\\{closure}(Object(Illuminate\\Foundation\\Application), Array)
#4 /var/www/html/dvizh/vendor/laravel/framework/src/Illuminate/Container/Container.php(631): Illuminate\\Container\\Container->build(Object(Closure))
#5 /var/www/html/dvizh/vendor/laravel/framework/src/Illuminate/Container/Container.php(586): Illuminate\\Container\\Container->resolve('encrypter', Array)
#6 /var/www/html/dvizh/vendor/laravel/framework/src/Illuminate/Foundation/Application.php(732): Illuminate\\Container\\Container->make('encrypter', Array)
#7 /var/www/html/dvizh/vendor/laravel/framework/src/Illuminate/Container/Container.php(885): Illuminate\\Foundation\\Application->make('encrypter')
#8 /var/www/html/dvizh/vendor/laravel/framework/src/Illuminate/Container/Container.php(813): Illuminate\\Container\\Container->resolveClass(Object(ReflectionParameter))
#9 /var/www/html/dvizh/vendor/laravel/framework/src/Illuminate/Container/Container.php(780): Illuminate\\Container\\Container->resolveDependencies(Array)
#10 /var/www/html/dvizh/vendor/laravel/framework/src/Illuminate/Container/Container.php(631): Illuminate\\Container\\Container->build('App\\\\Http\\\\Middle...')
#11 /var/www/html/dvizh/vendor/laravel/framework/src/Illuminate/Container/Container.php(586): Illuminate\\Container\\Container->resolve('App\\\\Http\\\\Middle...', Array)
#12 /var/www/html/dvizh/vendor/laravel/framework/src/Illuminate/Foundation/Application.php(732): Illuminate\\Container\\Container->make('App\\\\Http\\\\Middle...', Array)
#13 /var/www/html/dvizh/vendor/laravel/framework/src/Illuminate/Foundation/Http/Kernel.php(215): Illuminate\\Foundation\\Application->make('App\\\\Http\\\\Middle...')
#14 /var/www/html/dvizh/vendor/laravel/framework/src/Illuminate/Foundation/Http/Kernel.php(189): Illuminate\\Foundation\\Http\\Kernel->terminateMiddleware(Object(Illuminate\\Http\\Request), Object(Illuminate\\Http\\Response))
#15 /var/www/html/dvizh/public/index.php(60): Illuminate\\Foundation\\Http\\Kernel->terminate(Object(Illuminate\\Http\\Request), Object(Illuminate\\Http\\Response))
#16 {main}
"} 
[2018-09-13 20:39:11] production.ERROR: Class 'Voyager' not found {"exception":"[object] (Symfony\\Component\\Debug\\Exception\\FatalThrowableError(code: 0): Class 'Voyager' not found at /Users/egorkarpacev/PhpstormProjects/dvizh/routes/web.php:24)
[stacktrace]
#0 /Users/egorkarpacev/PhpstormProjects/dvizh/vendor/laravel/framework/src/Illuminate/Routing/Router.php(389): Illuminate\\Routing\\Router->{closure}(Object(Illuminate\\Routing\\Router))
#1 /Users/egorkarpacev/PhpstormProjects/dvizh/vendor/laravel/framework/src/Illuminate/Routing/Router.php(349): Illuminate\\Routing\\Router->loadRoutes(Object(Closure))
#2 /Users/egorkarpacev/PhpstormProjects/dvizh/vendor/laravel/framework/src/Illuminate/Support/Facades/Facade.php(221): Illuminate\\Routing\\Router->group(Array, Object(Closure))
#3 /Users/egorkarpacev/PhpstormProjects/dvizh/routes/web.php(25): Illuminate\\Support\\Facades\\Facade::__callStatic('group', Array)
#4 /Users/egorkarpacev/PhpstormProjects/dvizh/vendor/laravel/framework/src/Illuminate/Routing/Router.php(393): require('/Users/egorkarp...')
#5 /Users/egorkarpacev/PhpstormProjects/dvizh/vendor/laravel/framework/src/Illuminate/Routing/Router.php(349): Illuminate\\Routing\\Router->loadRoutes('/Users/egorkarp...')
#6 /Users/egorkarpacev/PhpstormProjects/dvizh/vendor/laravel/framework/src/Illuminate/Routing/RouteRegistrar.php(105): Illuminate\\Routing\\Router->group(Array, '/Users/egorkarp...')
#7 /Users/egorkarpacev/PhpstormProjects/dvizh/app/Providers/RouteServiceProvider.php(56): Illuminate\\Routing\\RouteRegistrar->group('/Users/egorkarp...')
#8 /Users/egorkarpacev/PhpstormProjects/dvizh/app/Providers/RouteServiceProvider.php(40): App\\Providers\\RouteServiceProvider->mapWebRoutes()
#9 [internal function]: App\\Providers\\RouteServiceProvider->map()
#10 /Users/egorkarpacev/PhpstormProjects/dvizh/vendor/laravel/framework/src/Illuminate/Container/BoundMethod.php(29): call_user_func_array(Array, Array)
#11 /Users/egorkarpacev/PhpstormProjects/dvizh/vendor/laravel/framework/src/Illuminate/Container/BoundMethod.php(87): Illuminate\\Container\\BoundMethod::Illuminate\\Container\\{closure}()
#12 /Users/egorkarpacev/PhpstormProjects/dvizh/vendor/laravel/framework/src/Illuminate/Container/BoundMethod.php(31): Illuminate\\Container\\BoundMethod::callBoundMethod(Object(Illuminate\\Foundation\\Application), Array, Object(Closure))
#13 /Users/egorkarpacev/PhpstormProjects/dvizh/vendor/laravel/framework/src/Illuminate/Container/Container.php(549): Illuminate\\Container\\BoundMethod::call(Object(Illuminate\\Foundation\\Application), Array, Array, NULL)
#14 /Users/egorkarpacev/PhpstormProjects/dvizh/vendor/laravel/framework/src/Illuminate/Foundation/Support/Providers/RouteServiceProvider.php(74): Illuminate\\Container\\Container->call(Array)
#15 /Users/egorkarpacev/PhpstormProjects/dvizh/vendor/laravel/framework/src/Illuminate/Foundation/Support/Providers/RouteServiceProvider.php(33): Illuminate\\Foundation\\Support\\Providers\\RouteServiceProvider->loadRoutes()
#16 /Users/egorkarpacev/PhpstormProjects/dvizh/app/Providers/RouteServiceProvider.php(28): Illuminate\\Foundation\\Support\\Providers\\RouteServiceProvider->boot()
#17 [internal function]: App\\Providers\\RouteServiceProvider->boot()
#18 /Users/egorkarpacev/PhpstormProjects/dvizh/vendor/laravel/framework/src/Illuminate/Container/BoundMethod.php(29): call_user_func_array(Array, Array)
#19 /Users/egorkarpacev/PhpstormProjects/dvizh/vendor/laravel/framework/src/Illuminate/Container/BoundMethod.php(87): Illuminate\\Container\\BoundMethod::Illuminate\\Container\\{closure}()
#20 /Users/egorkarpacev/PhpstormProjects/dvizh/vendor/laravel/framework/src/Illuminate/Container/BoundMethod.php(31): Illuminate\\Container\\BoundMethod::callBoundMethod(Object(Illuminate\\Foundation\\Application), Array, Object(Closure))
#21 /Users/egorkarpacev/PhpstormProjects/dvizh/vendor/laravel/framework/src/Illuminate/Container/Container.php(549): Illuminate\\Container\\BoundMethod::call(Object(Illuminate\\Foundation\\Application), Array, Array, NULL)
#22 /Users/egorkarpacev/PhpstormProjects/dvizh/vendor/laravel/framework/src/Illuminate/Foundation/Application.php(792): Illuminate\\Container\\Container->call(Array)
#23 /Users/egorkarpacev/PhpstormProjects/dvizh/vendor/laravel/framework/src/Illuminate/Foundation/Application.php(775): Illuminate\\Foundation\\Application->bootProvider(Object(App\\Providers\\RouteServiceProvider))
#24 [internal function]: Illuminate\\Foundation\\Application->Illuminate\\Foundation\\{closure}(Object(App\\Providers\\RouteServiceProvider), 19)
#25 /Users/egorkarpacev/PhpstormProjects/dvizh/vendor/laravel/framework/src/Illuminate/Foundation/Application.php(776): array_walk(Array, Object(Closure))
#26 /Users/egorkarpacev/PhpstormProjects/dvizh/vendor/laravel/framework/src/Illuminate/Foundation/Bootstrap/BootProviders.php(17): Illuminate\\Foundation\\Application->boot()
#27 /Users/egorkarpacev/PhpstormProjects/dvizh/vendor/laravel/framework/src/Illuminate/Foundation/Application.php(213): Illuminate\\Foundation\\Bootstrap\\BootProviders->bootstrap(Object(Illuminate\\Foundation\\Application))
#28 /Users/egorkarpacev/PhpstormProjects/dvizh/vendor/laravel/framework/src/Illuminate/Foundation/Console/Kernel.php(296): Illuminate\\Foundation\\Application->bootstrapWith(Array)
#29 /Users/egorkarpacev/PhpstormProjects/dvizh/vendor/laravel/framework/src/Illuminate/Foundation/Console/Kernel.php(119): Illuminate\\Foundation\\Console\\Kernel->bootstrap()
#30 /Users/egorkarpacev/PhpstormProjects/dvizh/artisan(37): Illuminate\\Foundation\\Console\\Kernel->handle(Object(Symfony\\Component\\Console\\Input\\ArgvInput), Object(Symfony\\Component\\Console\\Output\\ConsoleOutput))
#31 {main}
"} 
[2018-09-13 20:40:33] production.ERROR: SQLSTATE[HY000] [2002] Connection refused {"exception":"[object] (Doctrine\\DBAL\\Driver\\PDOException(code: 2002): SQLSTATE[HY000] [2002] Connection refused at /Users/egorkarpacev/PhpstormProjects/dvizh/vendor/doctrine/dbal/lib/Doctrine/DBAL/Driver/PDOConnection.php:47, PDOException(code: 2002): SQLSTATE[HY000] [2002] Connection refused at /Users/egorkarpacev/PhpstormProjects/dvizh/vendor/doctrine/dbal/lib/Doctrine/DBAL/Driver/PDOConnection.php:43)
[stacktrace]
#0 /Users/egorkarpacev/PhpstormProjects/dvizh/vendor/laravel/framework/src/Illuminate/Database/Connectors/Connector.php(64): Doctrine\\DBAL\\Driver\\PDOConnection->__construct('mysql:host=127....', 'forge', '', Array)
#1 /Users/egorkarpacev/PhpstormProjects/dvizh/vendor/laravel/framework/src/Illuminate/Database/Connectors/Connector.php(43): Illuminate\\Database\\Connectors\\Connector->createPdoConnection('mysql:host=127....', 'forge', '', Array)
#2 /Users/egorkarpacev/PhpstormProjects/dvizh/vendor/laravel/framework/src/Illuminate/Database/Connectors/MySqlConnector.php(24): Illuminate\\Database\\Connectors\\Connector->createConnection('mysql:host=127....', Array, Array)
#3 /Users/egorkarpacev/PhpstormProjects/dvizh/vendor/laravel/framework/src/Illuminate/Database/Connectors/ConnectionFactory.php(183): Illuminate\\Database\\Connectors\\MySqlConnector->connect(Array)
#4 [internal function]: Illuminate\\Database\\Connectors\\ConnectionFactory->Illuminate\\Database\\Connectors\\{closure}()
#5 /Users/egorkarpacev/PhpstormProjects/dvizh/vendor/laravel/framework/src/Illuminate/Database/Connection.php(915): call_user_func(Object(Closure))
#6 /Users/egorkarpacev/PhpstormProjects/dvizh/vendor/laravel/framework/src/Illuminate/Database/Connection.php(898): Illuminate\\Database\\Connection->getPdo()
#7 /Users/egorkarpacev/PhpstormProjects/dvizh/vendor/larapack/doctrine-support/src/DoctrineSupportServiceProvider.php(54): Illuminate\\Database\\Connection->getDoctrineConnection()
#8 /Users/egorkarpacev/PhpstormProjects/dvizh/vendor/larapack/doctrine-support/src/DoctrineSupportServiceProvider.php(34): Larapack\\DoctrineSupport\\DoctrineSupportServiceProvider->addDoctrineTypes(Object(Larapack\\DoctrineSupport\\Connections\\MySqlConnection))
#9 /Users/egorkarpacev/PhpstormProjects/dvizh/vendor/laravel/framework/src/Illuminate/Database/Connectors/ConnectionFactory.php(272): Larapack\\DoctrineSupport\\DoctrineSupportServiceProvider->Larapack\\DoctrineSupport\\{closure}(Object(Larapack\\DoctrineSupport\\Connections\\MySqlConnection), 'forge', '', Array)
#10 /Users/egorkarpacev/PhpstormProjects/dvizh/vendor/laravel/framework/src/Illuminate/Database/Connectors/ConnectionFactory.php(77): Illuminate\\Database\\Connectors\\ConnectionFactory->createConnection('mysql', Object(Closure), 'forge', '', Array)
#11 /Users/egorkarpacev/PhpstormProjects/dvizh/vendor/laravel/framework/src/Illuminate/Database/Connectors/ConnectionFactory.php(51): Illuminate\\Database\\Connectors\\ConnectionFactory->createSingleConnection(Array)
#12 /Users/egorkarpacev/PhpstormProjects/dvizh/vendor/laravel/framework/src/Illuminate/Database/DatabaseManager.php(119): Illuminate\\Database\\Connectors\\ConnectionFactory->make(Array, 'mysql')
#13 /Users/egorkarpacev/PhpstormProjects/dvizh/vendor/laravel/framework/src/Illuminate/Database/DatabaseManager.php(74): Illuminate\\Database\\DatabaseManager->makeConnection('mysql')
#14 /Users/egorkarpacev/PhpstormProjects/dvizh/vendor/laravel/framework/src/Illuminate/Support/Facades/Schema.php(33): Illuminate\\Database\\DatabaseManager->connection()
#15 /Users/egorkarpacev/PhpstormProjects/dvizh/vendor/laravel/framework/src/Illuminate/Support/Facades/Facade.php(128): Illuminate\\Support\\Facades\\Schema::getFacadeAccessor()
#16 /Users/egorkarpacev/PhpstormProjects/dvizh/vendor/laravel/framework/src/Illuminate/Support/Facades/Facade.php(215): Illuminate\\Support\\Facades\\Facade::getFacadeRoot()
#17 /Users/egorkarpacev/PhpstormProjects/dvizh/vendor/tcg/voyager/src/VoyagerServiceProvider.php(259): Illuminate\\Support\\Facades\\Facade::__callStatic('hasTable', Array)
#18 /Users/egorkarpacev/PhpstormProjects/dvizh/vendor/tcg/voyager/src/VoyagerServiceProvider.php(106): TCG\\Voyager\\VoyagerServiceProvider->registerGates()
#19 [internal function]: TCG\\Voyager\\VoyagerServiceProvider->boot(Object(Illuminate\\Routing\\Router), Object(Illuminate\\Events\\Dispatcher))
#20 /Users/egorkarpacev/PhpstormProjects/dvizh/vendor/laravel/framework/src/Illuminate/Container/BoundMethod.php(29): call_user_func_array(Array, Array)
#21 /Users/egorkarpacev/PhpstormProjects/dvizh/vendor/laravel/framework/src/Illuminate/Container/BoundMethod.php(87): Illuminate\\Container\\BoundMethod::Illuminate\\Container\\{closure}()
#22 /Users/egorkarpacev/PhpstormProjects/dvizh/vendor/laravel/framework/src/Illuminate/Container/BoundMethod.php(31): Illuminate\\Container\\BoundMethod::callBoundMethod(Object(Illuminate\\Foundation\\Application), Array, Object(Closure))
#23 /Users/egorkarpacev/PhpstormProjects/dvizh/vendor/laravel/framework/src/Illuminate/Container/Container.php(549): Illuminate\\Container\\BoundMethod::call(Object(Illuminate\\Foundation\\Application), Array, Array, NULL)
#24 /Users/egorkarpacev/PhpstormProjects/dvizh/vendor/laravel/framework/src/Illuminate/Foundation/Application.php(792): Illuminate\\Container\\Container->call(Array)
#25 /Users/egorkarpacev/PhpstormProjects/dvizh/vendor/laravel/framework/src/Illuminate/Foundation/Application.php(775): Illuminate\\Foundation\\Application->bootProvider(Object(TCG\\Voyager\\VoyagerServiceProvider))
#26 [internal function]: Illuminate\\Foundation\\Application->Illuminate\\Foundation\\{closure}(Object(TCG\\Voyager\\VoyagerServiceProvider), 23)
#27 /Users/egorkarpacev/PhpstormProjects/dvizh/vendor/laravel/framework/src/Illuminate/Foundation/Application.php(776): array_walk(Array, Object(Closure))
#28 /Users/egorkarpacev/PhpstormProjects/dvizh/vendor/laravel/framework/src/Illuminate/Foundation/Bootstrap/BootProviders.php(17): Illuminate\\Foundation\\Application->boot()
#29 /Users/egorkarpacev/PhpstormProjects/dvizh/vendor/laravel/framework/src/Illuminate/Foundation/Application.php(213): Illuminate\\Foundation\\Bootstrap\\BootProviders->bootstrap(Object(Illuminate\\Foundation\\Application))
#30 /Users/egorkarpacev/PhpstormProjects/dvizh/vendor/laravel/framework/src/Illuminate/Foundation/Console/Kernel.php(296): Illuminate\\Foundation\\Application->bootstrapWith(Array)
#31 /Users/egorkarpacev/PhpstormProjects/dvizh/vendor/laravel/framework/src/Illuminate/Foundation/Console/Kernel.php(119): Illuminate\\Foundation\\Console\\Kernel->bootstrap()
#32 /Users/egorkarpacev/PhpstormProjects/dvizh/artisan(37): Illuminate\\Foundation\\Console\\Kernel->handle(Object(Symfony\\Component\\Console\\Input\\ArgvInput), Object(Symfony\\Component\\Console\\Output\\ConsoleOutput))
#33 {main}
"} 
[2018-09-13 20:40:33] production.ERROR: No Database connection yet in VoyagerServiceProvider registerGates()  
[2018-09-13 20:40:33] production.ERROR: SQLSTATE[HY000] [2002] Connection refused {"exception":"[object] (Doctrine\\DBAL\\Driver\\PDOException(code: 2002): SQLSTATE[HY000] [2002] Connection refused at /Users/egorkarpacev/PhpstormProjects/dvizh/vendor/doctrine/dbal/lib/Doctrine/DBAL/Driver/PDOConnection.php:47, PDOException(code: 2002): SQLSTATE[HY000] [2002] Connection refused at /Users/egorkarpacev/PhpstormProjects/dvizh/vendor/doctrine/dbal/lib/Doctrine/DBAL/Driver/PDOConnection.php:43)
[stacktrace]
#0 /Users/egorkarpacev/PhpstormProjects/dvizh/vendor/laravel/framework/src/Illuminate/Database/Connectors/Connector.php(64): Doctrine\\DBAL\\Driver\\PDOConnection->__construct('mysql:host=127....', 'forge', '', Array)
#1 /Users/egorkarpacev/PhpstormProjects/dvizh/vendor/laravel/framework/src/Illuminate/Database/Connectors/Connector.php(43): Illuminate\\Database\\Connectors\\Connector->createPdoConnection('mysql:host=127....', 'forge', '', Array)
#2 /Users/egorkarpacev/PhpstormProjects/dvizh/vendor/laravel/framework/src/Illuminate/Database/Connectors/MySqlConnector.php(24): Illuminate\\Database\\Connectors\\Connector->createConnection('mysql:host=127....', Array, Array)
#3 /Users/egorkarpacev/PhpstormProjects/dvizh/vendor/laravel/framework/src/Illuminate/Database/Connectors/ConnectionFactory.php(183): Illuminate\\Database\\Connectors\\MySqlConnector->connect(Array)
#4 [internal function]: Illuminate\\Database\\Connectors\\ConnectionFactory->Illuminate\\Database\\Connectors\\{closure}()
#5 /Users/egorkarpacev/PhpstormProjects/dvizh/vendor/laravel/framework/src/Illuminate/Database/Connection.php(915): call_user_func(Object(Closure))
#6 /Users/egorkarpacev/PhpstormProjects/dvizh/vendor/laravel/framework/src/Illuminate/Database/Connection.php(898): Illuminate\\Database\\Connection->getPdo()
#7 /Users/egorkarpacev/PhpstormProjects/dvizh/vendor/larapack/doctrine-support/src/DoctrineSupportServiceProvider.php(54): Illuminate\\Database\\Connection->getDoctrineConnection()
#8 /Users/egorkarpacev/PhpstormProjects/dvizh/vendor/larapack/doctrine-support/src/DoctrineSupportServiceProvider.php(34): Larapack\\DoctrineSupport\\DoctrineSupportServiceProvider->addDoctrineTypes(Object(Larapack\\DoctrineSupport\\Connections\\MySqlConnection))
#9 /Users/egorkarpacev/PhpstormProjects/dvizh/vendor/laravel/framework/src/Illuminate/Database/Connectors/ConnectionFactory.php(272): Larapack\\DoctrineSupport\\DoctrineSupportServiceProvider->Larapack\\DoctrineSupport\\{closure}(Object(Larapack\\DoctrineSupport\\Connections\\MySqlConnection), 'forge', '', Array)
#10 /Users/egorkarpacev/PhpstormProjects/dvizh/vendor/laravel/framework/src/Illuminate/Database/Connectors/ConnectionFactory.php(77): Illuminate\\Database\\Connectors\\ConnectionFactory->createConnection('mysql', Object(Closure), 'forge', '', Array)
#11 /Users/egorkarpacev/PhpstormProjects/dvizh/vendor/laravel/framework/src/Illuminate/Database/Connectors/ConnectionFactory.php(51): Illuminate\\Database\\Connectors\\ConnectionFactory->createSingleConnection(Array)
#12 /Users/egorkarpacev/PhpstormProjects/dvizh/vendor/laravel/framework/src/Illuminate/Database/DatabaseManager.php(119): Illuminate\\Database\\Connectors\\ConnectionFactory->make(Array, 'mysql')
#13 /Users/egorkarpacev/PhpstormProjects/dvizh/vendor/laravel/framework/src/Illuminate/Database/DatabaseManager.php(74): Illuminate\\Database\\DatabaseManager->makeConnection('mysql')
#14 /Users/egorkarpacev/PhpstormProjects/dvizh/vendor/laravel/framework/src/Illuminate/Database/Eloquent/Model.php(1138): Illuminate\\Database\\DatabaseManager->connection('mysql')
#15 /Users/egorkarpacev/PhpstormProjects/dvizh/vendor/laravel/framework/src/Illuminate/Database/Eloquent/Model.php(1104): Illuminate\\Database\\Eloquent\\Model::resolveConnection(NULL)
#16 /Users/egorkarpacev/PhpstormProjects/dvizh/vendor/laravel/framework/src/Illuminate/Database/Eloquent/Model.php(936): Illuminate\\Database\\Eloquent\\Model->getConnection()
#17 /Users/egorkarpacev/PhpstormProjects/dvizh/vendor/laravel/framework/src/Illuminate/Database/Eloquent/Model.php(847): Illuminate\\Database\\Eloquent\\Model->newBaseQueryBuilder()
#18 /Users/egorkarpacev/PhpstormProjects/dvizh/vendor/laravel/framework/src/Illuminate/Database/Eloquent/Model.php(885): Illuminate\\Database\\Eloquent\\Model->newModelQuery()
#19 /Users/egorkarpacev/PhpstormProjects/dvizh/vendor/laravel/framework/src/Illuminate/Database/Eloquent/Model.php(836): Illuminate\\Database\\Eloquent\\Model->newQueryWithoutScopes()
#20 /Users/egorkarpacev/PhpstormProjects/dvizh/vendor/laravel/framework/src/Illuminate/Database/Eloquent/Model.php(359): Illuminate\\Database\\Eloquent\\Model->newQuery()
#21 /Users/egorkarpacev/PhpstormProjects/dvizh/vendor/tcg/voyager/routes/voyager.php(38): Illuminate\\Database\\Eloquent\\Model::all()
#22 /Users/egorkarpacev/PhpstormProjects/dvizh/vendor/laravel/framework/src/Illuminate/Routing/Router.php(389): TCG\\Voyager\\Voyager->{closure}(Object(Illuminate\\Routing\\Router))
#23 /Users/egorkarpacev/PhpstormProjects/dvizh/vendor/laravel/framework/src/Illuminate/Routing/Router.php(349): Illuminate\\Routing\\Router->loadRoutes(Object(Closure))
#24 /Users/egorkarpacev/PhpstormProjects/dvizh/vendor/laravel/framework/src/Illuminate/Support/Facades/Facade.php(221): Illuminate\\Routing\\Router->group(Array, Object(Closure))
#25 /Users/egorkarpacev/PhpstormProjects/dvizh/vendor/tcg/voyager/routes/voyager.php(133): Illuminate\\Support\\Facades\\Facade::__callStatic('group', Array)
#26 /Users/egorkarpacev/PhpstormProjects/dvizh/vendor/laravel/framework/src/Illuminate/Routing/Router.php(389): TCG\\Voyager\\Voyager->{closure}(Object(Illuminate\\Routing\\Router))
#27 /Users/egorkarpacev/PhpstormProjects/dvizh/vendor/laravel/framework/src/Illuminate/Routing/Router.php(349): Illuminate\\Routing\\Router->loadRoutes(Object(Closure))
#28 /Users/egorkarpacev/PhpstormProjects/dvizh/vendor/laravel/framework/src/Illuminate/Support/Facades/Facade.php(221): Illuminate\\Routing\\Router->group(Array, Object(Closure))
#29 /Users/egorkarpacev/PhpstormProjects/dvizh/vendor/tcg/voyager/routes/voyager.php(135): Illuminate\\Support\\Facades\\Facade::__callStatic('group', Array)
#30 /Users/egorkarpacev/PhpstormProjects/dvizh/vendor/tcg/voyager/src/Voyager.php(239): require('/Users/egorkarp...')
#31 /Users/egorkarpacev/PhpstormProjects/dvizh/vendor/laravel/framework/src/Illuminate/Support/Facades/Facade.php(221): TCG\\Voyager\\Voyager->routes()
#32 /Users/egorkarpacev/PhpstormProjects/dvizh/routes/web.php(24): Illuminate\\Support\\Facades\\Facade::__callStatic('routes', Array)
#33 /Users/egorkarpacev/PhpstormProjects/dvizh/vendor/laravel/framework/src/Illuminate/Routing/Router.php(389): Illuminate\\Routing\\Router->{closure}(Object(Illuminate\\Routing\\Router))
#34 /Users/egorkarpacev/PhpstormProjects/dvizh/vendor/laravel/framework/src/Illuminate/Routing/Router.php(349): Illuminate\\Routing\\Router->loadRoutes(Object(Closure))
#35 /Users/egorkarpacev/PhpstormProjects/dvizh/vendor/laravel/framework/src/Illuminate/Support/Facades/Facade.php(221): Illuminate\\Routing\\Router->group(Array, Object(Closure))
#36 /Users/egorkarpacev/PhpstormProjects/dvizh/routes/web.php(25): Illuminate\\Support\\Facades\\Facade::__callStatic('group', Array)
#37 /Users/egorkarpacev/PhpstormProjects/dvizh/vendor/laravel/framework/src/Illuminate/Routing/Router.php(393): require('/Users/egorkarp...')
#38 /Users/egorkarpacev/PhpstormProjects/dvizh/vendor/laravel/framework/src/Illuminate/Routing/Router.php(349): Illuminate\\Routing\\Router->loadRoutes('/Users/egorkarp...')
#39 /Users/egorkarpacev/PhpstormProjects/dvizh/vendor/laravel/framework/src/Illuminate/Routing/RouteRegistrar.php(105): Illuminate\\Routing\\Router->group(Array, '/Users/egorkarp...')
#40 /Users/egorkarpacev/PhpstormProjects/dvizh/app/Providers/RouteServiceProvider.php(56): Illuminate\\Routing\\RouteRegistrar->group('/Users/egorkarp...')
#41 /Users/egorkarpacev/PhpstormProjects/dvizh/app/Providers/RouteServiceProvider.php(40): App\\Providers\\RouteServiceProvider->mapWebRoutes()
#42 [internal function]: App\\Providers\\RouteServiceProvider->map()
#43 /Users/egorkarpacev/PhpstormProjects/dvizh/vendor/laravel/framework/src/Illuminate/Container/BoundMethod.php(29): call_user_func_array(Array, Array)
#44 /Users/egorkarpacev/PhpstormProjects/dvizh/vendor/laravel/framework/src/Illuminate/Container/BoundMethod.php(87): Illuminate\\Container\\BoundMethod::Illuminate\\Container\\{closure}()
#45 /Users/egorkarpacev/PhpstormProjects/dvizh/vendor/laravel/framework/src/Illuminate/Container/BoundMethod.php(31): Illuminate\\Container\\BoundMethod::callBoundMethod(Object(Illuminate\\Foundation\\Application), Array, Object(Closure))
#46 /Users/egorkarpacev/PhpstormProjects/dvizh/vendor/laravel/framework/src/Illuminate/Container/Container.php(549): Illuminate\\Container\\BoundMethod::call(Object(Illuminate\\Foundation\\Application), Array, Array, NULL)
#47 /Users/egorkarpacev/PhpstormProjects/dvizh/vendor/laravel/framework/src/Illuminate/Foundation/Support/Providers/RouteServiceProvider.php(74): Illuminate\\Container\\Container->call(Array)
#48 /Users/egorkarpacev/PhpstormProjects/dvizh/vendor/laravel/framework/src/Illuminate/Foundation/Support/Providers/RouteServiceProvider.php(33): Illuminate\\Foundation\\Support\\Providers\\RouteServiceProvider->loadRoutes()
#49 /Users/egorkarpacev/PhpstormProjects/dvizh/app/Providers/RouteServiceProvider.php(28): Illuminate\\Foundation\\Support\\Providers\\RouteServiceProvider->boot()
#50 [internal function]: App\\Providers\\RouteServiceProvider->boot()
#51 /Users/egorkarpacev/PhpstormProjects/dvizh/vendor/laravel/framework/src/Illuminate/Container/BoundMethod.php(29): call_user_func_array(Array, Array)
#52 /Users/egorkarpacev/PhpstormProjects/dvizh/vendor/laravel/framework/src/Illuminate/Container/BoundMethod.php(87): Illuminate\\Container\\BoundMethod::Illuminate\\Container\\{closure}()
#53 /Users/egorkarpacev/PhpstormProjects/dvizh/vendor/laravel/framework/src/Illuminate/Container/BoundMethod.php(31): Illuminate\\Container\\BoundMethod::callBoundMethod(Object(Illuminate\\Foundation\\Application), Array, Object(Closure))
#54 /Users/egorkarpacev/PhpstormProjects/dvizh/vendor/laravel/framework/src/Illuminate/Container/Container.php(549): Illuminate\\Container\\BoundMethod::call(Object(Illuminate\\Foundation\\Application), Array, Array, NULL)
#55 /Users/egorkarpacev/PhpstormProjects/dvizh/vendor/laravel/framework/src/Illuminate/Foundation/Application.php(792): Illuminate\\Container\\Container->call(Array)
#56 /Users/egorkarpacev/PhpstormProjects/dvizh/vendor/laravel/framework/src/Illuminate/Foundation/Application.php(775): Illuminate\\Foundation\\Application->bootProvider(Object(App\\Providers\\RouteServiceProvider))
#57 [internal function]: Illuminate\\Foundation\\Application->Illuminate\\Foundation\\{closure}(Object(App\\Providers\\RouteServiceProvider), 27)
#58 /Users/egorkarpacev/PhpstormProjects/dvizh/vendor/laravel/framework/src/Illuminate/Foundation/Application.php(776): array_walk(Array, Object(Closure))
#59 /Users/egorkarpacev/PhpstormProjects/dvizh/vendor/laravel/framework/src/Illuminate/Foundation/Bootstrap/BootProviders.php(17): Illuminate\\Foundation\\Application->boot()
#60 /Users/egorkarpacev/PhpstormProjects/dvizh/vendor/laravel/framework/src/Illuminate/Foundation/Application.php(213): Illuminate\\Foundation\\Bootstrap\\BootProviders->bootstrap(Object(Illuminate\\Foundation\\Application))
#61 /Users/egorkarpacev/PhpstormProjects/dvizh/vendor/laravel/framework/src/Illuminate/Foundation/Console/Kernel.php(296): Illuminate\\Foundation\\Application->bootstrapWith(Array)
#62 /Users/egorkarpacev/PhpstormProjects/dvizh/vendor/laravel/framework/src/Illuminate/Foundation/Console/Kernel.php(119): Illuminate\\Foundation\\Console\\Kernel->bootstrap()
#63 /Users/egorkarpacev/PhpstormProjects/dvizh/artisan(37): Illuminate\\Foundation\\Console\\Kernel->handle(Object(Symfony\\Component\\Console\\Input\\ArgvInput), Object(Symfony\\Component\\Console\\Output\\ConsoleOutput))
#64 {main}
"} 
